<?xml version="1.0" encoding="UTF-8"?>
<!-- Generated by org.testng.reporters.JUnitReportReporter -->
<testsuite hostname="PC201410092108" name="cn.selenium.NewTest00" tests="3" failures="0" timestamp="23 Dec 2015 12:18:02 GMT" time="0.015" errors="0">
  <testcase name="g" time="0.000" classname="cn.selenium.NewTest00"/>
  <testcase name="h" time="0.000" classname="cn.selenium.NewTest00"/>
  <testcase name="f" time="0.015" classname="cn.selenium.NewTest00"/>
</testsuite> <!-- cn.selenium.NewTest00 -->
