<?xml version="1.0" encoding="UTF-8"?>
<!-- Generated by org.testng.reporters.JUnitReportReporter -->
<testsuite hostname="PC201410092108" name="cn.selenium.TestDataProvider" tests="4" failures="0" timestamp="23 Dec 2015 12:23:09 GMT" time="63.515" errors="0">
  <testcase name="testSearch" time="9.893" classname="cn.selenium.TestDataProvider"/>
  <testcase name="testSearch" time="31.716" classname="cn.selenium.TestDataProvider"/>
  <testcase name="testSearch" time="9.768" classname="cn.selenium.TestDataProvider"/>
  <testcase name="testSearch" time="12.138" classname="cn.selenium.TestDataProvider"/>
</testsuite> <!-- cn.selenium.TestDataProvider -->
