<?xml version="1.0" encoding="UTF-8"?>
<!-- Generated by org.testng.reporters.JUnitReportReporter -->
<testsuite hostname="PC201410092108" name="cn.selenium.NewTest" tests="1" failures="0" timestamp="29 Nov 2015 12:31:01 GMT" time="12.918" errors="0">
  <testcase name="f" time="12.918" classname="cn.selenium.NewTest"/>
</testsuite> <!-- cn.selenium.NewTest -->
