<?xml version="1.0" encoding="UTF-8"?>
<!-- Generated by org.testng.reporters.JUnitReportReporter -->
<testsuite hostname="PC201410092108" name="cn.selenium.TestAssert" tests="1" failures="0" timestamp="7 Nov 2015 08:57:19 GMT" time="12.013" errors="0">
  <testcase name="f" time="12.013" classname="cn.selenium.TestAssert"/>
</testsuite> <!-- cn.selenium.TestAssert -->
