<?xml version="1.0" encoding="UTF-8"?>
<!-- Generated by org.testng.reporters.JUnitReportReporter -->
<testsuite hostname="PC201410092108" name="cn.selenium.mysqlTest" tests="4" failures="0" timestamp="26 Dec 2015 07:17:40 GMT" time="58.021" errors="0">
  <testcase name="testSearch" time="15.534" classname="cn.selenium.mysqlTest"/>
  <testcase name="testSearch" time="19.987" classname="cn.selenium.mysqlTest"/>
  <testcase name="testSearch" time="11.214" classname="cn.selenium.mysqlTest"/>
  <testcase name="testSearch" time="11.286" classname="cn.selenium.mysqlTest"/>
</testsuite> <!-- cn.selenium.mysqlTest -->
