<?xml version="1.0" encoding="UTF-8"?>
<!-- Generated by org.testng.reporters.JUnitReportReporter -->
<testsuite hostname="PC201410092108" name="cn.selenium.TestScreen1" tests="1" failures="0" timestamp="26 Dec 2015 10:43:58 GMT" time="15.886" errors="0">
  <testcase name="testSearch" time="15.886" classname="cn.selenium.TestScreen1"/>
</testsuite> <!-- cn.selenium.TestScreen1 -->
