<?xml version="1.0" encoding="UTF-8"?>
<!-- Generated by org.testng.reporters.JUnitReportReporter -->
<testsuite hostname="PC201410092108" name="cn.selenium.Testcase" tests="3" failures="0" timestamp="23 Nov 2015 12:34:09 GMT" time="0.016" errors="0">
  <testcase name="test0" time="0.001" classname="cn.selenium.Testcase"/>
  <testcase name="test2" time="0.000" classname="cn.selenium.Testcase"/>
  <testcase name="test1" time="0.015" classname="cn.selenium.Testcase"/>
</testsuite> <!-- cn.selenium.Testcase -->
