<?xml version="1.0" encoding="UTF-8"?>
<!-- Generated by org.testng.reporters.JUnitReportReporter -->
<testsuite hostname="PC201410092108" name="cn.selenium.NewTest1" tests="1" failures="0" timestamp="22 Nov 2015 12:46:42 GMT" time="12.840" errors="0">
  <testcase name="Test" time="12.840" classname="cn.selenium.NewTest1"/>
</testsuite> <!-- cn.selenium.NewTest1 -->
