<?xml version="1.0" encoding="UTF-8"?>
<!-- Generated by org.testng.reporters.JUnitReportReporter -->
<testsuite hostname="PC201410092108" name="cn.selenium.DataProvideTest" tests="4" failures="0" timestamp="20 Dec 2015 12:52:38 GMT" time="51.819" errors="0">
  <testcase name="testSearch" time="10.857" classname="cn.selenium.DataProvideTest"/>
  <testcase name="testSearch" time="18.282" classname="cn.selenium.DataProvideTest"/>
  <testcase name="testSearch" time="11.511" classname="cn.selenium.DataProvideTest"/>
  <testcase name="testSearch" time="11.169" classname="cn.selenium.DataProvideTest"/>
</testsuite> <!-- cn.selenium.DataProvideTest -->
