<?xml version="1.0" encoding="UTF-8"?>
<!-- Generated by org.testng.reporters.JUnitReportReporter -->
<testsuite hostname="PC201410092108" name="cn.selenium.TestPageDemo" tests="1" failures="0" timestamp="28 Nov 2015 12:42:18 GMT" time="10.410" errors="0">
  <testcase name="Testpage" time="10.410" classname="cn.selenium.TestPageDemo"/>
</testsuite> <!-- cn.selenium.TestPageDemo -->
