<?xml version="1.0" encoding="UTF-8"?>
<!-- Generated by org.testng.reporters.JUnitReportReporter -->
<testsuite hostname="PC201410092108" name="cn.selenium.SelectTest" tests="1" failures="0" timestamp="24 Nov 2015 13:09:52 GMT" time="13.622" errors="0">
  <testcase name="f" time="13.622" classname="cn.selenium.SelectTest"/>
</testsuite> <!-- cn.selenium.SelectTest -->
