<?xml version="1.0" encoding="UTF-8"?>
<!-- Generated by org.testng.reporters.JUnitReportReporter -->
<testsuite hostname="PC201410092108" name="cn.selenium.DataProvider" tests="3" failures="0" timestamp="19 Dec 2015 11:00:30 GMT" time="69.551" errors="0">
  <testcase name="test" time="12.778" classname="cn.selenium.DataProvider"/>
  <testcase name="test" time="17.662" classname="cn.selenium.DataProvider"/>
  <testcase name="test" time="39.111" classname="cn.selenium.DataProvider"/>
</testsuite> <!-- cn.selenium.DataProvider -->
